date       time     [thread name/id ]                   file:line    v |
2021-11-29 19:30:52 [MainThread     ]                log.cpp:279   INFO| Opened log file Hades.log
2021-11-29 19:30:52 [MainThread     ]            program.cpp:1430   DBG| Previous stack guard size was 0 bytes
2021-11-29 19:30:52 [MainThread     ]          optionset.cpp:157   INFO| argument: /c=..\
2021-11-29 19:30:52 [MainThread     ]          optionset.cpp:157   INFO| argument: /steampowered
2021-11-29 19:30:52 [MainThread     ]          optionset.cpp:157   INFO| argument: /DirectLoadShell=true
2021-11-29 19:30:52 [MainThread     ]          optionset.cpp:157   INFO| argument: /DebugMessages=false
2021-11-29 19:30:52 [MainThread     ]          optionset.cpp:157   INFO| argument: /DebugKeysEnabled=false
2021-11-29 19:30:52 [MainThread     ]          optionset.cpp:157   INFO| argument: /ShowFPS=false
2021-11-29 19:30:52 [MainThread     ]          optionset.cpp:157   INFO| argument: /PerfDashWarnings=false
2021-11-29 19:30:52 [MainThread     ]          optionset.cpp:157   INFO| argument: /VerboseScriptLogging=false
2021-11-29 19:30:52 [MainThread     ]          optionset.cpp:157   INFO| argument: /UnsafeDebugKeysEnabled=false
2021-11-29 19:30:52 [MainThread     ]          optionset.cpp:157   INFO| argument: /LiveCreateTextures=false
2021-11-29 19:30:52 [MainThread     ]    platformservice.cpp:387    DBG| Processor Count : 4
2021-11-29 19:30:52 [MainThread     ]            program.cpp:1636   DBG| TotalRam: 8483442688
2021-11-29 19:30:52 [MainThread     ]            program.cpp:1637   DBG| Running Hades in 64-bit
2021-11-29 19:30:53 [MainThread     ]       pcsavedevice.cpp:249   INFO| Opening save file for reading: activeProfile
2021-11-29 19:30:53 [MainThread     ]     binaryloaddata.cpp:12    INFO| Reading 16 bytes
2021-11-29 19:30:53 [MainThread     ]     profilemanager.cpp:40    INFO| Loading default profile C:\Users\tamir\OneDrive\Documents\Saved Games\Hades Profile1
2021-11-29 19:30:53 [MainThread     ]     profilemanager.cpp:187   INFO| ProfileManager::Load(): Profile1.sjson 
2021-11-29 19:30:53 [MainThread     ]       pcsavedevice.cpp:249   INFO| Opening save file for reading: Profile1.sjson
2021-11-29 19:30:53 [MainThread     ]      configoptions.cpp:1528  INFO| ConfigOption: WindowHeight = 1080
2021-11-29 19:30:53 [MainThread     ]      configoptions.cpp:1521  INFO| ConfigOption: UseMouse = true
2021-11-29 19:30:53 [MainThread     ]      configoptions.cpp:1528  INFO| ConfigOption: NewUpdateSoundRevisionViewed = 36401
2021-11-29 19:30:53 [MainThread     ]      configoptions.cpp:1528  INFO| ConfigOption: BackupSaveCount = 3
2021-11-29 19:30:53 [MainThread     ]      configoptions.cpp:1528  INFO| ConfigOption: LastRoadmapRevisionViewed = 37828
2021-11-29 19:30:53 [MainThread     ]      configoptions.cpp:1528  INFO| ConfigOption: SwapInterval = 0
2021-11-29 19:30:53 [MainThread     ]      configoptions.cpp:1528  INFO| ConfigOption: DisplayIndex = 0
2021-11-29 19:30:53 [MainThread     ]      configoptions.cpp:1521  INFO| ConfigOption: ShowGameplayTimer = true
2021-11-29 19:30:53 [MainThread     ]      configoptions.cpp:1528  INFO| ConfigOption: LastPatchNoteRevisionViewed = 36401
2021-11-29 19:30:53 [MainThread     ]      configoptions.cpp:1528  INFO| ConfigOption: ScreenshotCount = 2
2021-11-29 19:30:53 [MainThread     ]      configoptions.cpp:1528  INFO| ConfigOption: ControlsResetRevisionViewed = 37828
2021-11-29 19:30:53 [MainThread     ]      configoptions.cpp:1528  INFO| ConfigOption: Y = 1080
2021-11-29 19:30:53 [MainThread     ]      configoptions.cpp:1528  INFO| ConfigOption: X = 1920
2021-11-29 19:30:53 [MainThread     ]      configoptions.cpp:1521  INFO| ConfigOption: DefaultControlsChosen = true
2021-11-29 19:30:53 [MainThread     ]      configoptions.cpp:1528  INFO| ConfigOption: WindowWidth = 1920
2021-11-29 19:30:53 [MainThread     ]     profilemanager.cpp:207   INFO| Load profile successful
2021-11-29 19:30:53 [MainThread     ]  windowsfilesystem.cpp:209    ERR| Error opening file: C:\Users\tamir\OneDrive\Documents\Saved Games\Hades\DESKTOP-I75F31D.sjson -- rb (error: No such file or directory)
2021-11-29 19:30:53 [MainThread     ]  windowsfilesystem.cpp:209    ERR| Error opening file: D:\Games\Hades\Content\ConfigOptions\DESKTOP-I75F31D.sjson -- rb (error: No such file or directory)
2021-11-29 19:30:53 [MainThread     ]      configoptions.cpp:1549  INFO| ConfigOption: NextUpdateDate = NextUpdateCountdownCustom
2021-11-29 19:30:53 [MainThread     ]      configoptions.cpp:1549  INFO| ConfigOption: LastUpdateDate = 07-03-2020
2021-11-29 19:30:53 [MainThread     ]      configoptions.cpp:1549  INFO| ConfigOption: UpdateWarningDate = 11-01-2020
2021-11-29 19:30:53 [MainThread     ]      configoptions.cpp:1549  INFO| ConfigOption: SaveCollectionBeginDate = 10-05-2020
2021-11-29 19:30:53 [MainThread     ]      configoptions.cpp:1549  INFO| ConfigOption: SaveCollectionEndDate = 10-09-2020
2021-11-29 19:30:53 [MainThread     ]     binarysavedata.cpp:17    INFO| Writing 16 bytes
2021-11-29 19:30:53 [MainThread     ]            program.cpp:1753   DBG| Initial startup in 1.2 msec
2021-11-29 19:30:53 [MainThread     ]            program.cpp:1754   DBG| Profile load in 0.1 msec
2021-11-29 19:30:54 [MainThread     ]        windowsbase.cpp:358   INFO| ----Begin printing all displays available on the system----
2021-11-29 19:30:54 [MainThread     ]        windowsbase.cpp:362   INFO| Number of detected displays: 1
2021-11-29 19:30:54 [MainThread     ]        windowsbase.cpp:507   INFO| Display[0]: Generic PnP Monitor
2021-11-29 19:30:54 [MainThread     ]        windowsbase.cpp:515   INFO| (320 x 200) (320 x 240) (400 x 300) (512 x 384) (640 x 400) (640 x 480) (800 x 600) 
2021-11-29 19:30:54 [MainThread     ]        windowsbase.cpp:515   INFO| (1280 x 600) (1280 x 720) (1024 x 768) (1280 x 768) (1360 x 768) (1366 x 768) (1280 x 800) 
2021-11-29 19:30:54 [MainThread     ]        windowsbase.cpp:515   INFO| (1152 x 864) (1440 x 900) (1600 x 900) (1280 x 960) (1280 x 1024) (1400 x 1050) (1680 x 1050) 
2021-11-29 19:30:54 [MainThread     ]        windowsbase.cpp:519   INFO| (1920 x 1080) 
2021-11-29 19:30:54 [MainThread     ]        windowsbase.cpp:523   INFO| ----Finish printing all displays available on the system----
2021-11-29 19:30:54 [MainThread     ]        windowsbase.cpp:682   INFO| Created window app Hades
2021-11-29 19:30:54 [MainThread     ]          sdlwindow.cpp:54     DBG| SDL Initialized with UseNativeGaInputNoControllers
2021-11-29 19:30:54 [MainThread     ]         resolution.cpp:141    DBG| Monitor modes:
2021-11-29 19:30:54 [MainThread     ]            program.cpp:1996  INFO| DisplayModes Configured
2021-11-29 19:30:54 [MainThread     ]            program.cpp:2253   DBG| Initializing steam
2021-11-29 19:30:54 [MainThread     ]            program.cpp:2259   DBG| Steam initialized
2021-11-29 19:30:54 [MainThread     ]     discord_client.cpp:70    INFO| [Discord SDK] Discord init error: 4
2021-11-29 19:30:54 [MainThread     ]            program.cpp:2008  INFO| PlatformService Initialized
2021-11-29 19:30:54 [MainThread     ]     inputsystemsdl.cpp:738    DBG| InputSystemSDL Initialized with UseNativeGaInputNoControllers
2021-11-29 19:30:54 [MainThread     ]  windowsfilesystem.cpp:209    ERR| Error opening file: D:\Games\Hades\Content\gamecontrollerdb.txt -- rb (error: No such file or directory)
2021-11-29 19:30:54 [MainThread     ]            program.cpp:2015  INFO| InputSystem Initialized
2021-11-29 19:30:54 [MainThread     ]         direct3d11.cpp:833   INFO| Created DXGI1.2 factory.
2021-11-29 19:30:55 [MainThread     ]         filesystem.cpp:307    ERR| Trying to get an unset resource directory '8', make sure the resourceDirectory is set on start of the application
2021-11-29 19:30:55 [MainThread     ]         direct3d11.cpp:1012  INFO| gpuCount = 1
2021-11-29 19:30:55 [MainThread     ]         direct3d11.cpp:1088  INFO| GPU[0] detected. Vendor ID: 10de, Model ID: 134d, Revision ID: a2, Preset: high, GPU Name: NVIDIA GeForce 940MX
2021-11-29 19:30:55 [MainThread     ]      gpudetecthelper.h:187   INFO| ----Begin printing all graphics adapters available on the system----
2021-11-29 19:30:55 [MainThread     ]      gpudetecthelper.h:124   INFO| Number of GPUs detected: 5
2021-11-29 19:30:55 [MainThread     ]      gpudetecthelper.h:150   INFO| Adapter Name: Intel(R) HD Graphics 620
2021-11-29 19:30:55 [MainThread     ]      gpudetecthelper.h:160   INFO| Driver Version: 27.20.100.8854
2021-11-29 19:30:55 [MainThread     ]      gpudetecthelper.h:170   INFO| Driver Date: 10-14-2020
2021-11-29 19:30:55 [MainThread     ]      gpudetecthelper.h:150   INFO| Adapter Name: NVIDIA GeForce 940MX
2021-11-29 19:30:55 [MainThread     ]      gpudetecthelper.h:160   INFO| Driver Version: 27.21.14.6611
2021-11-29 19:30:55 [MainThread     ]      gpudetecthelper.h:170   INFO| Driver Date: 4-12-2021
2021-11-29 19:30:55 [MainThread     ]      gpudetecthelper.h:189   INFO| ----Finish printing all graphics adapters available on the system----
2021-11-29 19:30:55 [MainThread     ]         direct3d11.cpp:1122  INFO| GPU[0] is selected as default GPU
2021-11-29 19:30:55 [MainThread     ]         direct3d11.cpp:1123  INFO| Name of selected gpu: NVIDIA GeForce 940MX
2021-11-29 19:30:55 [MainThread     ]         direct3d11.cpp:1124  INFO| Vendor id of selected gpu: 0x10de
2021-11-29 19:30:55 [MainThread     ]         direct3d11.cpp:1125  INFO| Model id of selected gpu: 0x134d
2021-11-29 19:30:55 [MainThread     ]         direct3d11.cpp:1126  INFO| Revision id of selected gpu: 0xa2
2021-11-29 19:30:55 [MainThread     ]         direct3d11.cpp:1127  INFO| Preset of selected gpu: high
2021-11-29 19:30:55 [MainThread     ]         direct3d11.cpp:1128  INFO| Available VRAM of selected GPU 4252762112
2021-11-29 19:30:55 [MainThread     ]      gpudetecthelper.h:124   INFO| Number of GPUs detected: 5
2021-11-29 19:30:55 [MainThread     ]      gpudetecthelper.h:150   INFO| Adapter Name: NVIDIA GeForce 940MX
2021-11-29 19:30:55 [MainThread     ]      gpudetecthelper.h:160   INFO| Driver Version: 27.21.14.6611
2021-11-29 19:30:55 [MainThread     ]      gpudetecthelper.h:170   INFO| Driver Date: 4-12-2021
2021-11-29 19:30:55 [MainThread     ]            program.cpp:2024  INFO| Renderer Initialized
2021-11-29 19:30:55 [MainThread     ]         direct3d11.cpp:1626  INFO| Swapchain creation SUCCEEDED with SwapEffect 0
2021-11-29 19:30:55 [MainThread     ]            program.cpp:2027  INFO| Renderer Loaded
2021-11-29 19:30:55 [MainThread     ]                app.cpp:151   INFO| Starting app: Release 37828
2021-11-29 19:30:55 [MainThread     ]                app.cpp:169    DBG| Pool logging: 1
2021-11-29 19:30:55 [MainThread     ]         resolution.cpp:39     DBG| ____________________________________CalculateViewportForAspectRatio __________________
2021-11-29 19:30:55 [MainThread     ]         resolution.cpp:40     DBG| Target Aspect Ratio :1.777778
2021-11-29 19:30:55 [MainThread     ]         resolution.cpp:41     DBG| Screen width: 1920 height: 1080
2021-11-29 19:30:55 [MainThread     ]         resolution.cpp:42     DBG| keepAspectRatio: 1
2021-11-29 19:30:55 [MainThread     ]         resolution.cpp:46     DBG| actualAspectRatio :1.777778
2021-11-29 19:30:55 [MainThread     ]         resolution.cpp:50     DBG| height for letterBoxing  :1080
2021-11-29 19:30:55 [MainThread     ]         resolution.cpp:53     DBG| LetterBoxing  :0
2021-11-29 19:30:55 [MainThread     ]         resolution.cpp:73     DBG| ____________________________________CalculateViewportForAspectRatio __________________
2021-11-29 19:30:55 [MainThread     ]         resolution.cpp:91     DBG| ____________________________________Resolution::Resize __________________
2021-11-29 19:30:55 [MainThread     ]         resolution.cpp:92     DBG| VIEWPORT: X: 0  Y: 0 W: 1920 H: 1080
2021-11-29 19:30:55 [MainThread     ]         resolution.cpp:93     DBG| SCALE: X: 1.000000 Y: 1.000000
2021-11-29 19:30:55 [MainThread     ]         resolution.cpp:94     DBG| FULL_VIEWPORT: X: 0  Y: 0 W: 1920 H: 1080
2021-11-29 19:30:55 [MainThread     ]         resolution.cpp:95     DBG| ____________________________________Resolution::Resize__________________
2021-11-29 19:30:55 [MainThread     ]                app.cpp:176    DBG| Initializing graphics device: 1920x1080
2021-11-29 19:30:55 [MainThread     ]                app.cpp:183    DBG| Setting fullscreen: true
2021-11-29 19:30:55 [MainThread     ]                app.cpp:213    DBG| Create components
2021-11-29 19:30:55 [MainThread     ]                app.cpp:234    DBG| Full screen bloom
2021-11-29 19:30:55 [MainThread     ]                app.cpp:238    DBG| Frame rate counter
2021-11-29 19:30:55 [MainThread     ]                app.cpp:244    DBG| Done with constructor
2021-11-29 19:30:55 [MainThread     ]                app.cpp:247    DBG| Setting RandomSeed: 1275444215
2021-11-29 19:30:55 [MainThread     ]                app.cpp:414    DBG| App Initialize
2021-11-29 19:30:55 [MainThread     ]                app.cpp:425    DBG| numWorkers = 3
2021-11-29 19:30:56 [MainThread     ]         direct3d11.cpp:2985  INFO| Descriptor (Sampler) : User specified Static Sampler
2021-11-29 19:30:56 [MainThread     ]         direct3d11.cpp:2985  INFO| Descriptor (Sampler) : User specified Static Sampler
2021-11-29 19:30:56 [MainThread     ]         direct3d11.cpp:2985  INFO| Descriptor (Sampler) : User specified Static Sampler
2021-11-29 19:30:56 [MainThread     ]         direct3d11.cpp:2985  INFO| Descriptor (Sampler) : User specified Static Sampler
2021-11-29 19:30:56 [MainThread     ]         direct3d11.cpp:2985  INFO| Descriptor (Sampler) : User specified Static Sampler
2021-11-29 19:30:56 [MainThread     ]         direct3d11.cpp:2985  INFO| Descriptor (Sampler) : User specified Static Sampler
2021-11-29 19:30:56 [MainThread     ]         direct3d11.cpp:2985  INFO| Descriptor (Sampler) : User specified Static Sampler
2021-11-29 19:30:56 [MainThread     ]         direct3d11.cpp:2985  INFO| Descriptor (Sampler) : User specified Static Sampler
2021-11-29 19:30:56 [MainThread     ]         direct3d11.cpp:2985  INFO| Descriptor (Sampler) : User specified Static Sampler
2021-11-29 19:30:56 [MainThread     ]         direct3d11.cpp:2985  INFO| Descriptor (Sampler) : User specified Static Sampler
2021-11-29 19:30:56 [MainThread     ]         direct3d11.cpp:2985  INFO| Descriptor (Sampler) : User specified Static Sampler
2021-11-29 19:30:56 [MainThread     ]         direct3d11.cpp:2985  INFO| Descriptor (Sampler) : User specified Static Sampler
2021-11-29 19:30:56 [MainThread     ]         direct3d11.cpp:2985  INFO| Descriptor (Sampler) : User specified Static Sampler
2021-11-29 19:30:56 [MainThread     ]         direct3d11.cpp:2985  INFO| Descriptor (Sampler) : User specified Static Sampler
2021-11-29 19:30:56 [MainThread     ]         direct3d11.cpp:2985  INFO| Descriptor (Sampler) : User specified Static Sampler
2021-11-29 19:30:56 [MainThread     ]         direct3d11.cpp:2985  INFO| Descriptor (Sampler) : User specified Static Sampler
2021-11-29 19:30:56 [MainThread     ]         direct3d11.cpp:2985  INFO| Descriptor (Sampler) : User specified Static Sampler
2021-11-29 19:30:56 [MainThread     ]         direct3d11.cpp:2985  INFO| Descriptor (Sampler) : User specified Static Sampler
2021-11-29 19:30:56 [MainThread     ]         direct3d11.cpp:2985  INFO| Descriptor (Sampler) : User specified Static Sampler
2021-11-29 19:30:56 [MainThread     ]         direct3d11.cpp:2985  INFO| Descriptor (Sampler) : User specified Static Sampler
2021-11-29 19:30:56 [MainThread     ]         direct3d11.cpp:2985  INFO| Descriptor (Sampler) : User specified Static Sampler
2021-11-29 19:30:56 [MainThread     ]         direct3d11.cpp:2985  INFO| Descriptor (Sampler) : User specified Static Sampler
2021-11-29 19:30:56 [MainThread     ]         direct3d11.cpp:2985  INFO| Descriptor (Sampler) : User specified Static Sampler
2021-11-29 19:30:56 [MainThread     ]         direct3d11.cpp:2985  INFO| Descriptor (Sampler) : User specified Static Sampler
2021-11-29 19:30:56 [MainThread     ]         direct3d11.cpp:2985  INFO| Descriptor (Sampler) : User specified Static Sampler
2021-11-29 19:30:56 [MainThread     ]         direct3d11.cpp:2985  INFO| Descriptor (Sampler) : User specified Static Sampler
2021-11-29 19:30:56 [MainThread     ]         direct3d11.cpp:2985  INFO| Descriptor (Sampler) : User specified Static Sampler
2021-11-29 19:30:56 [MainThread     ]         direct3d11.cpp:2985  INFO| Descriptor (Sampler) : User specified Static Sampler
2021-11-29 19:30:56 [MainThread     ]         direct3d11.cpp:2985  INFO| Descriptor (Sampler) : User specified Static Sampler
2021-11-29 19:30:56 [MainThread     ]         direct3d11.cpp:2985  INFO| Descriptor (Sampler) : User specified Static Sampler
2021-11-29 19:30:56 [MainThread     ]         direct3d11.cpp:2985  INFO| Descriptor (Sampler) : User specified Static Sampler
2021-11-29 19:30:56 [MainThread     ]         direct3d11.cpp:2985  INFO| Descriptor (Sampler) : User specified Static Sampler
2021-11-29 19:30:56 [MainThread     ]         direct3d11.cpp:2985  INFO| Descriptor (Sampler) : User specified Static Sampler
2021-11-29 19:30:56 [MainThread     ]         direct3d11.cpp:2985  INFO| Descriptor (Sampler) : User specified Static Sampler
2021-11-29 19:30:56 [MainThread     ]         direct3d11.cpp:2985  INFO| Descriptor (Sampler) : User specified Static Sampler
2021-11-29 19:30:56 [MainThread     ]         direct3d11.cpp:2985  INFO| Descriptor (Sampler) : User specified Static Sampler
2021-11-29 19:30:56 [MainThread     ]         direct3d11.cpp:2985  INFO| Descriptor (Sampler) : User specified Static Sampler
2021-11-29 19:30:56 [MainThread     ]         direct3d11.cpp:2985  INFO| Descriptor (Sampler) : User specified Static Sampler
2021-11-29 19:30:56 [MainThread     ]         direct3d11.cpp:2985  INFO| Descriptor (Sampler) : User specified Static Sampler
2021-11-29 19:30:56 [MainThread     ]         direct3d11.cpp:2985  INFO| Descriptor (Sampler) : User specified Static Sampler
2021-11-29 19:30:56 [MainThread     ]         direct3d11.cpp:2985  INFO| Descriptor (Sampler) : User specified Static Sampler
2021-11-29 19:30:56 [MainThread     ]         direct3d11.cpp:2985  INFO| Descriptor (Sampler) : User specified Static Sampler
2021-11-29 19:30:56 [MainThread     ]         direct3d11.cpp:2985  INFO| Descriptor (Sampler) : User specified Static Sampler
2021-11-29 19:30:56 [MainThread     ]         direct3d11.cpp:2985  INFO| Descriptor (Sampler) : User specified Static Sampler
2021-11-29 19:30:56 [MainThread     ]         direct3d11.cpp:2985  INFO| Descriptor (Sampler) : User specified Static Sampler
2021-11-29 19:30:56 [MainThread     ]         direct3d11.cpp:2985  INFO| Descriptor (Sampler) : User specified Static Sampler
2021-11-29 19:30:56 [MainThread     ]         direct3d11.cpp:2985  INFO| Descriptor (Sampler) : User specified Static Sampler
2021-11-29 19:30:56 [MainThread     ]         direct3d11.cpp:2985  INFO| Descriptor (Sampler) : User specified Static Sampler
2021-11-29 19:30:56 [MainThread     ]         direct3d11.cpp:2985  INFO| Descriptor (Sampler) : User specified Static Sampler
2021-11-29 19:30:56 [MainThread     ]         direct3d11.cpp:2985  INFO| Descriptor (Sampler) : User specified Static Sampler
2021-11-29 19:30:56 [MainThread     ]         direct3d11.cpp:2985  INFO| Descriptor (Sampler) : User specified Static Sampler
2021-11-29 19:30:56 [MainThread     ]         direct3d11.cpp:2985  INFO| Descriptor (Sampler) : User specified Static Sampler
2021-11-29 19:30:56 [MainThread     ]         direct3d11.cpp:2985  INFO| Descriptor (Sampler) : User specified Static Sampler
2021-11-29 19:30:56 [MainThread     ]         direct3d11.cpp:2985  INFO| Descriptor (Sampler) : User specified Static Sampler
2021-11-29 19:30:56 [MainThread     ]         direct3d11.cpp:2985  INFO| Descriptor (Sampler) : User specified Static Sampler
2021-11-29 19:30:56 [MainThread     ]         direct3d11.cpp:2985  INFO| Descriptor (Sampler) : User specified Static Sampler
2021-11-29 19:30:56 [MainThread     ]         direct3d11.cpp:2985  INFO| Descriptor (Sampler) : User specified Static Sampler
2021-11-29 19:30:56 [MainThread     ]   gameassetmanager.cpp:515   INFO| Loading package: Launch.pkg
2021-11-29 19:30:56 [MainThread     ]   gameassetmanager.cpp:436   INFO| Start reading manifest Launch
2021-11-29 19:30:56 [MainThread     ]   gameassetmanager.cpp:489   INFO| Done reading manifest Launch
2021-11-29 19:30:56 [MainThread     ]   gameassetmanager.cpp:545   INFO| Package Loaded: Launch
2021-11-29 19:30:56 [MainThread     ]      screenmanager.cpp:113    DBG| Load Launch Pkg took 0.079160 seconds
2021-11-29 19:30:56 [MainThread     ]   gameassetmanager.cpp:515   INFO| Loading package: Dev.pkg
2021-11-29 19:30:56 [MainThread     ]   gameassetmanager.cpp:436   INFO| Start reading manifest Dev
2021-11-29 19:30:56 [MainThread     ]   gameassetmanager.cpp:489   INFO| Done reading manifest Dev
2021-11-29 19:30:57 [MainThread     ]   gameassetmanager.cpp:545   INFO| Package Loaded: Dev
2021-11-29 19:30:57 [MainThread     ]      screenmanager.cpp:119    DBG| Dev Pkg took 0.320533 seconds
2021-11-29 19:30:57 [MainThread     ]      windowservice.cpp:404    DBG| english
2021-11-29 19:30:57 [MainThread     ]  windowsfilesystem.cpp:209    ERR| Error opening file: D:\Games\Hades\Content\Win\Fonts\en\Fonts.remap -- rb (error: No such file or directory)
2021-11-29 19:30:57 [MainThread     ]  windowsfilesystem.cpp:209    ERR| Error opening file: D:\Games\Hades\Content\Win\Fonts\en\Fonts.remap -- rb (error: No such file or directory)
2021-11-29 19:30:57 [MainThread     ]      screenmanager.cpp:126    DBG| Localization::Init() took 0.601171 seconds
2021-11-29 19:30:57 [MainThread     ]             luaext.cpp:453   INFO| Lua interface destroyed
2021-11-29 19:30:58 [NoName         ]       pcsavedevice.cpp:249   INFO| Opening save file for reading: Profile1.ctrls
2021-11-29 19:30:58 [NoName         ]     binaryloaddata.cpp:12    INFO| Reading 570 bytes
2021-11-29 19:30:58 [MainThread     ]    gamedatamanager.cpp:355   INFO| Reading game data from D:\Games\Hades\Content\Game
2021-11-29 19:30:58 [MainThread     ]                app.cpp:331    DBG| App.resize 1920x1080
2021-11-29 19:30:58 [MainThread     ]         resolution.cpp:39     DBG| ____________________________________CalculateViewportForAspectRatio __________________
2021-11-29 19:30:58 [MainThread     ]         resolution.cpp:40     DBG| Target Aspect Ratio :1.777778
2021-11-29 19:30:58 [MainThread     ]         resolution.cpp:41     DBG| Screen width: 1920 height: 1080
2021-11-29 19:30:58 [MainThread     ]         resolution.cpp:42     DBG| keepAspectRatio: 1
2021-11-29 19:30:58 [MainThread     ]         resolution.cpp:46     DBG| actualAspectRatio :1.777778
2021-11-29 19:30:58 [MainThread     ]         resolution.cpp:50     DBG| height for letterBoxing  :1080
2021-11-29 19:30:58 [MainThread     ]         resolution.cpp:53     DBG| LetterBoxing  :0
2021-11-29 19:30:58 [MainThread     ]         resolution.cpp:73     DBG| ____________________________________CalculateViewportForAspectRatio __________________
2021-11-29 19:30:58 [MainThread     ]         resolution.cpp:91     DBG| ____________________________________Resolution::Resize __________________
2021-11-29 19:30:58 [MainThread     ]         resolution.cpp:92     DBG| VIEWPORT: X: 0  Y: 0 W: 1920 H: 1080
2021-11-29 19:30:58 [MainThread     ]         resolution.cpp:93     DBG| SCALE: X: 1.000000 Y: 1.000000
2021-11-29 19:30:58 [MainThread     ]         resolution.cpp:94     DBG| FULL_VIEWPORT: X: 0  Y: 0 W: 1920 H: 1080
2021-11-29 19:30:58 [MainThread     ]         resolution.cpp:95     DBG| ____________________________________Resolution::Resize__________________
2021-11-29 19:30:58 [MainThread     ]       launchscreen.cpp:135    DBG| new LaunchScreen
2021-11-29 19:30:58 [MainThread     ]  platformanalytics.cpp:23     DBG| Initializing Analytics
2021-11-29 19:30:58 [NoName         ]       audiomanager.cpp:375    DBG| AudioManager.Initialize
2021-11-29 19:30:58 [MainThread     ]  platformanalytics.cpp:31     DBG| Done initializing Analytics
2021-11-29 19:30:58 [MainThread     ]            program.cpp:2199  INFO| Application Init+Load 4.364000
2021-11-29 19:30:58 [MainThread     ]            program.cpp:2213   DBG| User Document Path found!!
2021-11-29 19:30:58 [MainThread     ]            program.cpp:2227   DBG| Log file created
2021-11-29 19:30:58 [MainThread     ]            program.cpp:2241   DBG| Data correctly read!!
2021-11-29 19:30:58 [MainThread     ]        windowsbase.cpp:1144  INFO| Application Init+Load 4.364000
2021-11-29 19:30:58 [NoName         ]       audiomanager.cpp:465    DBG| FMOD Default Rate 48000 Mode 0 Speakers 0 Software Channels: 64
2021-11-29 19:30:58 [NoName         ]       audiomanager.cpp:471    DBG| FMOD changed to Rate: 48000 Mode: 3 Speakers: 2 Software Channels: 64
2021-11-29 19:30:59 [NoName         ]       launchscreen.cpp:62     DBG| Load Manifests took 0.911478
2021-11-29 19:30:59 [NoName         ]       audiomanager.cpp:527    DBG| FMOD post init Rate 48000 Mode 3 Speakers 2
2021-11-29 19:30:59 [NoName         ]       audiomanager.cpp:756    DBG| Loading bank: MasterBank.bank
2021-11-29 19:30:59 [NoName         ]       audiomanager.cpp:756    DBG| Loading bank: MasterBank.strings.bank
2021-11-29 19:30:59 [NoName         ]       audiomanager.cpp:756    DBG| Loading bank: Ambience.bank
2021-11-29 19:30:59 [NoName         ]       audiomanager.cpp:756    DBG| Loading bank: Music.bank
2021-11-29 19:30:59 [NoName         ]       audiomanager.cpp:756    DBG| Loading bank: Sounds.bank
2021-11-29 19:31:00 [NoName         ]       audiomanager.cpp:902    DBG| AudioManager categories loaded
2021-11-29 19:31:00 [NoName         ]       audiomanager.cpp:557    DBG| AudioManager.FModStartup complete
2021-11-29 19:31:00 [NoName         ]       audiomanager.cpp:385    DBG| AudioManager.Initialize complete
2021-11-29 19:31:00 [NoName         ]       launchscreen.cpp:119    DBG| AudioManager::Initialize took 1.636403
2021-11-29 19:31:01 [NoName         ]       launchscreen.cpp:86     DBG| binkAtlases took 2.159326
2021-11-29 19:31:01 [NoName         ]   gameassetmanager.cpp:436   INFO| Start reading manifest GUI
2021-11-29 19:31:01 [NoName         ]   gameassetmanager.cpp:489   INFO| Done reading manifest GUI
2021-11-29 19:31:01 [NoName         ]   gameassetmanager.cpp:436   INFO| Start reading manifest GUI_Mouse
2021-11-29 19:31:01 [NoName         ]   gameassetmanager.cpp:489   INFO| Done reading manifest GUI_Mouse
2021-11-29 19:31:01 [NoName         ]   gameassetmanager.cpp:436   INFO| Start reading manifest Fx
2021-11-29 19:31:01 [NoName         ]   gameassetmanager.cpp:489   INFO| Done reading manifest Fx
2021-11-29 19:31:01 [NoName         ]   gameassetmanager.cpp:436   INFO| Start reading manifest RoomManager
2021-11-29 19:31:01 [NoName         ]   gameassetmanager.cpp:489   INFO| Done reading manifest RoomManager
2021-11-29 19:31:01 [NoName         ]   gameassetmanager.cpp:436   INFO| Start reading manifest UIScripts
2021-11-29 19:31:01 [NoName         ]   gameassetmanager.cpp:489   INFO| Done reading manifest UIScripts
2021-11-29 19:31:01 [NoName         ]       launchscreen.cpp:103    DBG| Load BasePackages took 0.216141
2021-11-29 19:31:01 [GameAssetManagerLoadThread]   gameassetmanager.cpp:515   INFO| Loading package: GUI.pkg
2021-11-29 19:31:04 [GameAssetManagerLoadThread]   gameassetmanager.cpp:545   INFO| Package Loaded: GUI
2021-11-29 19:31:04 [GameAssetManagerLoadThread]   gameassetmanager.cpp:515   INFO| Loading package: GUI_Mouse.pkg
2021-11-29 19:31:04 [GameAssetManagerLoadThread]   gameassetmanager.cpp:545   INFO| Package Loaded: GUI_Mouse
2021-11-29 19:31:04 [GameAssetManagerLoadThread]   gameassetmanager.cpp:515   INFO| Loading package: Fx.pkg
2021-11-29 19:31:06 [MainThread     ]            program.cpp:357   INFO| Window Inactive
2021-11-29 19:31:08 [GameAssetManagerLoadThread]   gameassetmanager.cpp:545   INFO| Package Loaded: Fx
2021-11-29 19:31:08 [GameAssetManagerLoadThread]   gameassetmanager.cpp:515   INFO| Loading package: RoomManager.pkg
2021-11-29 19:31:09 [GameAssetManagerLoadThread]   gameassetmanager.cpp:545   INFO| Package Loaded: RoomManager
2021-11-29 19:31:09 [GameAssetManagerLoadThread]   gameassetmanager.cpp:515   INFO| Loading package: UIScripts.pkg
2021-11-29 19:31:09 [GameAssetManagerLoadThread]   gameassetmanager.cpp:545   INFO| Package Loaded: UIScripts
2021-11-29 19:31:09 [NoName         ]       launchscreen.cpp:105    DBG| Finished AssetManager Loading 
2021-11-29 19:31:09 [NoName         ]    gamedatamanager.cpp:821   INFO| Reading game data from D:\Games\Hades\Content\Game
2021-11-29 19:31:09 [NoName         ]    gamedatamanager.cpp:835    DBG| ReadUnitData took 0.079952 seconds
2021-11-29 19:31:09 [NoName         ]    gamedatamanager.cpp:904    DBG| ReadWeaponData took 0.043324 seconds
2021-11-29 19:31:09 [NoName         ]    gamedatamanager.cpp:926    DBG| Projectile took 0.149568 seconds
2021-11-29 19:31:10 [NoName         ]    gamedatamanager.cpp:941    DBG| ReadObstacleData took 0.965414 seconds
2021-11-29 19:31:10 [NoName         ]    gamedatamanager.cpp:954    DBG| Other Dat took 0.089665 seconds
2021-11-29 19:31:10 [NoName         ]     binaryloaddata.cpp:12    INFO| Reading 32202 bytes
2021-11-29 19:31:10 [NoName         ]     binaryloaddata.cpp:12    INFO| Reading 128202 bytes
2021-11-29 19:31:10 [NoName         ]     binaryloaddata.cpp:12    INFO| Reading 28362 bytes
2021-11-29 19:31:10 [NoName         ]     binaryloaddata.cpp:12    INFO| Reading 2602 bytes
2021-11-29 19:31:10 [NoName         ]     binaryloaddata.cpp:12    INFO| Reading 39882 bytes
2021-11-29 19:31:10 [NoName         ]     binaryloaddata.cpp:12    INFO| Reading 19402 bytes
2021-11-29 19:31:10 [NoName         ]     binaryloaddata.cpp:12    INFO| Reading 30922 bytes
2021-11-29 19:31:10 [NoName         ]     binaryloaddata.cpp:12    INFO| Reading 32202 bytes
2021-11-29 19:31:10 [NoName         ]     binaryloaddata.cpp:12    INFO| Reading 38602 bytes
2021-11-29 19:31:10 [NoName         ]     binaryloaddata.cpp:12    INFO| Reading 38602 bytes
2021-11-29 19:31:10 [NoName         ]     binaryloaddata.cpp:12    INFO| Reading 32202 bytes
2021-11-29 19:31:10 [NoName         ]     binaryloaddata.cpp:12    INFO| Reading 38602 bytes
2021-11-29 19:31:10 [NoName         ]     binaryloaddata.cpp:12    INFO| Reading 184559 bytes
2021-11-29 19:31:10 [NoName         ]     binaryloaddata.cpp:12    INFO| Reading 69359 bytes
2021-11-29 19:31:10 [NoName         ]     binaryloaddata.cpp:12    INFO| Reading 115439 bytes
2021-11-29 19:31:10 [NoName         ]     binaryloaddata.cpp:12    INFO| Reading 19439 bytes
2021-11-29 19:31:10 [NoName         ]     binaryloaddata.cpp:12    INFO| Reading 1401 bytes
2021-11-29 19:31:10 [NoName         ]     binaryloaddata.cpp:12    INFO| Reading 8161 bytes
2021-11-29 19:31:10 [NoName         ]     binaryloaddata.cpp:12    INFO| Reading 53961 bytes
2021-11-29 19:31:10 [NoName         ]     binaryloaddata.cpp:12    INFO| Reading 36041 bytes
2021-11-29 19:31:10 [NoName         ]     binaryloaddata.cpp:12    INFO| Reading 10441 bytes
2021-11-29 19:31:10 [NoName         ]     binaryloaddata.cpp:12    INFO| Reading 33481 bytes
2021-11-29 19:31:10 [NoName         ]     binaryloaddata.cpp:12    INFO| Reading 1401 bytes
2021-11-29 19:31:10 [NoName         ]     binaryloaddata.cpp:12    INFO| Reading 3561 bytes
2021-11-29 19:31:10 [NoName         ]     binaryloaddata.cpp:12    INFO| Reading 1401 bytes
2021-11-29 19:31:10 [NoName         ]     binaryloaddata.cpp:12    INFO| Reading 51401 bytes
2021-11-29 19:31:10 [NoName         ]     binaryloaddata.cpp:12    INFO| Reading 61641 bytes
2021-11-29 19:31:10 [NoName         ]     binaryloaddata.cpp:12    INFO| Reading 8761 bytes
2021-11-29 19:31:10 [NoName         ]     binaryloaddata.cpp:12    INFO| Reading 6161 bytes
2021-11-29 19:31:10 [NoName         ]     binaryloaddata.cpp:12    INFO| Reading 59721 bytes
2021-11-29 19:31:10 [NoName         ]     binaryloaddata.cpp:12    INFO| Reading 52681 bytes
2021-11-29 19:31:10 [NoName         ]     binaryloaddata.cpp:12    INFO| Reading 128201 bytes
2021-11-29 19:31:10 [NoName         ]     binaryloaddata.cpp:12    INFO| Reading 224201 bytes
2021-11-29 19:31:10 [NoName         ]     binaryloaddata.cpp:12    INFO| Reading 107721 bytes
2021-11-29 19:31:10 [NoName         ]     binaryloaddata.cpp:12    INFO| Reading 56521 bytes
2021-11-29 19:31:10 [NoName         ]     binaryloaddata.cpp:12    INFO| Reading 10441 bytes
2021-11-29 19:31:10 [NoName         ]     binaryloaddata.cpp:12    INFO| Reading 3801 bytes
2021-11-29 19:31:10 [NoName         ]     binaryloaddata.cpp:12    INFO| Reading 45436 bytes
2021-11-29 19:31:10 [NoName         ]     binaryloaddata.cpp:12    INFO| Reading 1564 bytes
2021-11-29 19:31:10 [NoName         ]     binaryloaddata.cpp:12    INFO| Reading 41596 bytes
2021-11-29 19:31:10 [NoName         ]     binaryloaddata.cpp:12    INFO| Reading 30844 bytes
2021-11-29 19:31:10 [NoName         ]     binaryloaddata.cpp:12    INFO| Reading 38524 bytes
2021-11-29 19:31:11 [NoName         ]     binaryloaddata.cpp:12    INFO| Reading 23164 bytes
2021-11-29 19:31:11 [NoName         ]     binaryloaddata.cpp:12    INFO| Reading 92284 bytes
2021-11-29 19:31:11 [NoName         ]     binaryloaddata.cpp:12    INFO| Reading 32380 bytes
2021-11-29 19:31:11 [NoName         ]     binaryloaddata.cpp:12    INFO| Reading 75940 bytes
2021-11-29 19:31:11 [NoName         ]     binaryloaddata.cpp:12    INFO| Reading 101540 bytes
2021-11-29 19:31:11 [NoName         ]     binaryloaddata.cpp:12    INFO| Reading 71844 bytes
2021-11-29 19:31:11 [NoName         ]     binaryloaddata.cpp:12    INFO| Reading 119972 bytes
2021-11-29 19:31:11 [NoName         ]     binaryloaddata.cpp:12    INFO| Reading 17572 bytes
2021-11-29 19:31:11 [NoName         ]     binaryloaddata.cpp:12    INFO| Reading 24740 bytes
2021-11-29 19:31:11 [NoName         ]     binaryloaddata.cpp:12    INFO| Reading 29860 bytes
2021-11-29 19:31:11 [NoName         ]     binaryloaddata.cpp:12    INFO| Reading 50340 bytes
2021-11-29 19:31:11 [NoName         ]     binaryloaddata.cpp:12    INFO| Reading 47771 bytes
2021-11-29 19:31:11 [NoName         ]     binaryloaddata.cpp:12    INFO| Reading 107803 bytes
2021-11-29 19:31:11 [NoName         ]     binaryloaddata.cpp:12    INFO| Reading 107803 bytes
2021-11-29 19:31:11 [NoName         ]     binaryloaddata.cpp:12    INFO| Reading 107803 bytes
2021-11-29 19:31:11 [NoName         ]     binaryloaddata.cpp:12    INFO| Reading 114971 bytes
2021-11-29 19:31:11 [NoName         ]     binaryloaddata.cpp:12    INFO| Reading 215323 bytes
2021-11-29 19:31:11 [NoName         ]     binaryloaddata.cpp:12    INFO| Reading 57627 bytes
2021-11-29 19:31:11 [NoName         ]     binaryloaddata.cpp:12    INFO| Reading 183067 bytes
2021-11-29 19:31:11 [NoName         ]     binaryloaddata.cpp:12    INFO| Reading 179483 bytes
2021-11-29 19:31:11 [NoName         ]     binaryloaddata.cpp:12    INFO| Reading 55835 bytes
2021-11-29 19:31:11 [NoName         ]     binaryloaddata.cpp:12    INFO| Reading 75547 bytes
2021-11-29 19:31:11 [NoName         ]     binaryloaddata.cpp:12    INFO| Reading 54043 bytes
2021-11-29 19:31:11 [NoName         ]     binaryloaddata.cpp:12    INFO| Reading 114971 bytes
2021-11-29 19:31:11 [NoName         ]     binaryloaddata.cpp:12    INFO| Reading 57627 bytes
2021-11-29 19:31:11 [NoName         ]     binaryloaddata.cpp:12    INFO| Reading 89883 bytes
2021-11-29 19:31:11 [NoName         ]     binaryloaddata.cpp:12    INFO| Reading 111387 bytes
2021-11-29 19:31:11 [NoName         ]     binaryloaddata.cpp:12    INFO| Reading 140059 bytes
2021-11-29 19:31:11 [NoName         ]     binaryloaddata.cpp:12    INFO| Reading 55835 bytes
2021-11-29 19:31:11 [NoName         ]     binaryloaddata.cpp:12    INFO| Reading 54043 bytes
2021-11-29 19:31:11 [NoName         ]     binaryloaddata.cpp:12    INFO| Reading 57627 bytes
2021-11-29 19:31:11 [NoName         ]     binaryloaddata.cpp:12    INFO| Reading 114971 bytes
2021-11-29 19:31:11 [NoName         ]     binaryloaddata.cpp:12    INFO| Reading 215323 bytes
2021-11-29 19:31:11 [NoName         ]     binaryloaddata.cpp:12    INFO| Reading 8795 bytes
2021-11-29 19:31:11 [NoName         ]     binaryloaddata.cpp:12    INFO| Reading 57627 bytes
2021-11-29 19:31:11 [NoName         ]     binaryloaddata.cpp:12    INFO| Reading 236827 bytes
2021-11-29 19:31:11 [NoName         ]     binaryloaddata.cpp:12    INFO| Reading 36123 bytes
2021-11-29 19:31:11 [NoName         ]     binaryloaddata.cpp:12    INFO| Reading 89883 bytes
2021-11-29 19:31:11 [NoName         ]     binaryloaddata.cpp:12    INFO| Reading 197403 bytes
2021-11-29 19:31:11 [NoName         ]     binaryloaddata.cpp:12    INFO| Reading 45083 bytes
2021-11-29 19:31:11 [NoName         ]     binaryloaddata.cpp:12    INFO| Reading 45083 bytes
2021-11-29 19:31:11 [NoName         ]     binaryloaddata.cpp:12    INFO| Reading 54043 bytes
2021-11-29 19:31:11 [NoName         ]     binaryloaddata.cpp:12    INFO| Reading 86299 bytes
2021-11-29 19:31:11 [NoName         ]     binaryloaddata.cpp:12    INFO| Reading 136475 bytes
2021-11-29 19:31:11 [NoName         ]     binaryloaddata.cpp:12    INFO| Reading 138267 bytes
2021-11-29 19:31:11 [NoName         ]     binaryloaddata.cpp:12    INFO| Reading 114971 bytes
2021-11-29 19:31:11 [NoName         ]     binaryloaddata.cpp:12    INFO| Reading 57627 bytes
2021-11-29 19:31:11 [NoName         ]     binaryloaddata.cpp:12    INFO| Reading 57627 bytes
2021-11-29 19:31:11 [NoName         ]     binaryloaddata.cpp:12    INFO| Reading 57627 bytes
2021-11-29 19:31:11 [NoName         ]     binaryloaddata.cpp:12    INFO| Reading 57627 bytes
2021-11-29 19:31:11 [NoName         ]     binaryloaddata.cpp:12    INFO| Reading 57627 bytes
2021-11-29 19:31:11 [NoName         ]     binaryloaddata.cpp:12    INFO| Reading 186651 bytes
2021-11-29 19:31:11 [NoName         ]     binaryloaddata.cpp:12    INFO| Reading 143643 bytes
2021-11-29 19:31:11 [NoName         ]     binaryloaddata.cpp:12    INFO| Reading 161563 bytes
2021-11-29 19:31:11 [NoName         ]     binaryloaddata.cpp:12    INFO| Reading 54043 bytes
2021-11-29 19:31:11 [NoName         ]     binaryloaddata.cpp:12    INFO| Reading 57627 bytes
2021-11-29 19:31:11 [NoName         ]     binaryloaddata.cpp:12    INFO| Reading 269083 bytes
2021-11-29 19:31:11 [NoName         ]     binaryloaddata.cpp:12    INFO| Reading 304923 bytes
2021-11-29 19:31:11 [NoName         ]     binaryloaddata.cpp:12    INFO| Reading 63003 bytes
2021-11-29 19:31:11 [NoName         ]     binaryloaddata.cpp:12    INFO| Reading 204571 bytes
2021-11-29 19:31:11 [NoName         ]     binaryloaddata.cpp:12    INFO| Reading 150811 bytes
2021-11-29 19:31:11 [NoName         ]     binaryloaddata.cpp:12    INFO| Reading 134683 bytes
2021-11-29 19:31:11 [NoName         ]     binaryloaddata.cpp:12    INFO| Reading 107803 bytes
2021-11-29 19:31:11 [NoName         ]     binaryloaddata.cpp:12    INFO| Reading 27163 bytes
2021-11-29 19:31:11 [NoName         ]     binaryloaddata.cpp:12    INFO| Reading 229659 bytes
2021-11-29 19:31:11 [NoName         ]     binaryloaddata.cpp:12    INFO| Reading 28955 bytes
2021-11-29 19:31:12 [NoName         ]     binaryloaddata.cpp:12    INFO| Reading 304923 bytes
2021-11-29 19:31:12 [NoName         ]     binaryloaddata.cpp:12    INFO| Reading 236827 bytes
2021-11-29 19:31:12 [NoName         ]     binaryloaddata.cpp:12    INFO| Reading 71963 bytes
2021-11-29 19:31:12 [NoName         ]     binaryloaddata.cpp:12    INFO| Reading 122139 bytes
2021-11-29 19:31:12 [NoName         ]     binaryloaddata.cpp:12    INFO| Reading 168295 bytes
2021-11-29 19:31:12 [NoName         ]     binaryloaddata.cpp:12    INFO| Reading 114971 bytes
2021-11-29 19:31:12 [NoName         ]     binaryloaddata.cpp:12    INFO| Reading 118555 bytes
2021-11-29 19:31:12 [NoName         ]     binaryloaddata.cpp:12    INFO| Reading 63003 bytes
2021-11-29 19:31:12 [NoName         ]     binaryloaddata.cpp:12    INFO| Reading 114971 bytes
2021-11-29 19:31:12 [NoName         ]     binaryloaddata.cpp:12    INFO| Reading 134683 bytes
2021-11-29 19:31:12 [NoName         ]     binaryloaddata.cpp:12    INFO| Reading 111387 bytes
2021-11-29 19:31:12 [NoName         ]     binaryloaddata.cpp:12    INFO| Reading 63003 bytes
2021-11-29 19:31:12 [NoName         ]     binaryloaddata.cpp:12    INFO| Reading 89883 bytes
2021-11-29 19:31:12 [NoName         ]     binaryloaddata.cpp:12    INFO| Reading 107803 bytes
2021-11-29 19:31:12 [NoName         ]     binaryloaddata.cpp:12    INFO| Reading 125723 bytes
2021-11-29 19:31:12 [NoName         ]     binaryloaddata.cpp:12    INFO| Reading 154395 bytes
2021-11-29 19:31:12 [NoName         ]     binaryloaddata.cpp:12    INFO| Reading 63003 bytes
2021-11-29 19:31:12 [NoName         ]     binaryloaddata.cpp:12    INFO| Reading 114971 bytes
2021-11-29 19:31:12 [NoName         ]     binaryloaddata.cpp:12    INFO| Reading 114971 bytes
2021-11-29 19:31:12 [NoName         ]     binaryloaddata.cpp:12    INFO| Reading 63003 bytes
2021-11-29 19:31:12 [NoName         ]     binaryloaddata.cpp:12    INFO| Reading 114971 bytes
2021-11-29 19:31:12 [NoName         ]     binaryloaddata.cpp:12    INFO| Reading 111387 bytes
2021-11-29 19:31:12 [NoName         ]     binaryloaddata.cpp:12    INFO| Reading 149915 bytes
2021-11-29 19:31:12 [NoName         ]     binaryloaddata.cpp:12    INFO| Reading 89883 bytes
2021-11-29 19:31:12 [NoName         ]     binaryloaddata.cpp:12    INFO| Reading 159323 bytes
2021-11-29 19:31:12 [NoName         ]     binaryloaddata.cpp:12    INFO| Reading 116763 bytes
2021-11-29 19:31:12 [NoName         ]     binaryloaddata.cpp:12    INFO| Reading 44187 bytes
2021-11-29 19:31:12 [NoName         ]     binaryloaddata.cpp:12    INFO| Reading 22683 bytes
2021-11-29 19:31:12 [NoName         ]     binaryloaddata.cpp:12    INFO| Reading 125723 bytes
2021-11-29 19:31:12 [NoName         ]     binaryloaddata.cpp:12    INFO| Reading 18203 bytes
2021-11-29 19:31:13 [NoName         ]    gamedatamanager.cpp:977    DBG| ReadAnimationData took 2.900340 seconds
2021-11-29 19:31:13 [NoName         ]    gamedatamanager.cpp:982    DBG| ReadTextData took 0.403782 seconds
2021-11-29 19:31:13 [NoName         ]    gamedatamanager.cpp:990    DBG| ReadGameData took 4.632249 seconds
2021-11-29 19:31:17 [MainThread     ]            program.cpp:340   INFO| Window Active
2021-11-29 19:31:17 [MainThread     ]            program.cpp:340   INFO| Window Active
2021-11-29 19:31:17 [MainThread     ]       launchscreen.cpp:301    DBG| Done with boot load
2021-11-29 19:31:17 [MainThread     ]           ingameui.cpp:43    INFO| InGameUI Construct
2021-11-29 19:31:24 [MainThread     ]       launchscreen.cpp:667    DBG| Launch took 30.392632 seconds
2021-11-29 19:31:27 [NoName         ]         platformfile.h:191    DBG| WindowsFile::DirectoryGetFiles(  C:\Users\tamir\OneDrive\Documents\Saved Games\Hades  ,  , *.sav  )
2021-11-29 19:31:27 [NoName         ]    progressmanager.cpp:839   INFO| ProgressManager.load Profile1.sav IPlatformSaveDevice
2021-11-29 19:31:27 [NoName         ]       pcsavedevice.cpp:249   INFO| Opening save file for reading: Profile1.sav
2021-11-29 19:31:27 [NoName         ]     binaryloaddata.cpp:12    INFO| Reading 544979 bytes
2021-11-29 19:31:28 [NoName         ]    progressmanager.cpp:878   INFO| Load succeeded
2021-11-29 19:31:28 [NoName         ]    progressmanager.cpp:839   INFO| ProgressManager.load Profile1.v.sav IPlatformSaveDevice
2021-11-29 19:31:28 [NoName         ]       pcsavedevice.cpp:249   INFO| Opening save file for reading: Profile1.v.sav
2021-11-29 19:31:28 [NoName         ]     binaryloaddata.cpp:12    INFO| Reading 9 bytes
2021-11-29 19:31:28 [NoName         ]    progressmanager.cpp:878   INFO| Load succeeded
2021-11-29 19:31:28 [NoName         ]    progressmanager.cpp:839   INFO| ProgressManager.load Profile1_Temp.sav IPlatformSaveDevice
2021-11-29 19:31:28 [NoName         ]       pcsavedevice.cpp:249   INFO| Opening save file for reading: Profile1_Temp.sav
2021-11-29 19:31:28 [NoName         ]     binaryloaddata.cpp:12    INFO| Reading 521166 bytes
2021-11-29 19:31:28 [NoName         ]    progressmanager.cpp:878   INFO| Load succeeded
2021-11-29 19:31:28 [NoName         ]    progressmanager.cpp:839   INFO| ProgressManager.load Profile2.sav IPlatformSaveDevice
2021-11-29 19:31:28 [NoName         ]       pcsavedevice.cpp:249   INFO| Opening save file for reading: Profile2.sav
2021-11-29 19:31:28 [NoName         ]     binaryloaddata.cpp:12    INFO| Reading 77368 bytes
2021-11-29 19:31:28 [NoName         ]    progressmanager.cpp:878   INFO| Load succeeded
2021-11-29 19:31:28 [NoName         ]    progressmanager.cpp:839   INFO| ProgressManager.load Profile2.v.sav IPlatformSaveDevice
2021-11-29 19:31:28 [NoName         ]       pcsavedevice.cpp:249   INFO| Opening save file for reading: Profile2.v.sav
2021-11-29 19:31:28 [NoName         ]     binaryloaddata.cpp:12    INFO| Reading 9 bytes
2021-11-29 19:31:28 [NoName         ]    progressmanager.cpp:878   INFO| Load succeeded
2021-11-29 19:31:28 [NoName         ]    progressmanager.cpp:839   INFO| ProgressManager.load Profile2_Temp.sav IPlatformSaveDevice
2021-11-29 19:31:28 [NoName         ]       pcsavedevice.cpp:249   INFO| Opening save file for reading: Profile2_Temp.sav
2021-11-29 19:31:28 [NoName         ]     binaryloaddata.cpp:12    INFO| Reading 49437 bytes
2021-11-29 19:31:28 [NoName         ]    progressmanager.cpp:878   INFO| Load succeeded
2021-11-29 19:31:28 [MainThread     ] remoteprofilescreen.cpp:603    DBG| ActiveProfile = Profile1
2021-11-29 19:31:28 [MainThread     ] remoteprofilescreen.cpp:617    DBG| Profile1 == Profile1, ActiveProfile Index = 0
2021-11-29 19:31:28 [MainThread     ] remoteprofilescreen.cpp:686    DBG| Finishing Creating Components For RemoteProfileScreen
2021-11-29 19:31:28 [NoName         ] remoteprofilescreen.cpp:61     DBG| SetupProfiles
2021-11-29 19:31:28 [NoName         ]         platformfile.h:191    DBG| WindowsFile::DirectoryGetFiles(  C:\Users\tamir\OneDrive\Documents\Saved Games\Hades  ,  , *.sjson  )
2021-11-29 19:31:28 [NoName         ] remoteprofilescreen.cpp:66     DBG| Total saves :6
2021-11-29 19:31:28 [NoName         ]    progressmanager.cpp:190    DBG| Getting Preferred Save
2021-11-29 19:31:28 [NoName         ]    progressmanager.cpp:198    DBG| MainSaveInfo
2021-11-29 19:31:28 [NoName         ]    progressmanager.cpp:205    DBG| tempSaveInfo
2021-11-29 19:31:28 [NoName         ]    progressmanager.cpp:212    DBG| mainSaveIndex >
2021-11-29 19:31:28 [NoName         ]    progressmanager.cpp:218    DBG| tempSaveIndex >
2021-11-29 19:31:28 [NoName         ]    progressmanager.cpp:233    DBG| tempSaveValid >
2021-11-29 19:31:28 [NoName         ] remoteprofilescreen.cpp:75     DBG| localSaveFileName  :Profile1_Temp.sav
2021-11-29 19:31:28 [NoName         ] remoteprofilescreen.cpp:78     DBG| !saveFileName.empty()
2021-11-29 19:31:28 [NoName         ] remoteprofilescreen.cpp:82     DBG| mProfileButtons[0]->mDataValue: Profile1_Temp
2021-11-29 19:31:28 [NoName         ]    progressmanager.cpp:190    DBG| Getting Preferred Save
2021-11-29 19:31:28 [NoName         ]    progressmanager.cpp:198    DBG| MainSaveInfo
2021-11-29 19:31:28 [NoName         ]    progressmanager.cpp:205    DBG| tempSaveInfo
2021-11-29 19:31:28 [NoName         ]    progressmanager.cpp:212    DBG| mainSaveIndex >
2021-11-29 19:31:28 [NoName         ] remoteprofilescreen.cpp:75     DBG| localSaveFileName  :Profile2.sav
2021-11-29 19:31:28 [NoName         ] remoteprofilescreen.cpp:78     DBG| !saveFileName.empty()
2021-11-29 19:31:28 [NoName         ] remoteprofilescreen.cpp:82     DBG| mProfileButtons[1]->mDataValue: Profile2
2021-11-29 19:31:28 [NoName         ]    progressmanager.cpp:190    DBG| Getting Preferred Save
2021-11-29 19:31:28 [NoName         ]    progressmanager.cpp:198    DBG| MainSaveInfo
2021-11-29 19:31:28 [NoName         ]    progressmanager.cpp:205    DBG| tempSaveInfo
2021-11-29 19:31:28 [NoName         ]    progressmanager.cpp:212    DBG| mainSaveIndex >
2021-11-29 19:31:28 [NoName         ]    progressmanager.cpp:218    DBG| tempSaveIndex >
2021-11-29 19:31:28 [NoName         ]    progressmanager.cpp:238    DBG| mainSaveIndex >= 0
2021-11-29 19:31:28 [NoName         ] remoteprofilescreen.cpp:75     DBG| localSaveFileName  :
2021-11-29 19:31:28 [NoName         ]    progressmanager.cpp:190    DBG| Getting Preferred Save
2021-11-29 19:31:28 [NoName         ]    progressmanager.cpp:198    DBG| MainSaveInfo
2021-11-29 19:31:28 [NoName         ]    progressmanager.cpp:205    DBG| tempSaveInfo
2021-11-29 19:31:28 [NoName         ]    progressmanager.cpp:212    DBG| mainSaveIndex >
2021-11-29 19:31:28 [NoName         ]    progressmanager.cpp:218    DBG| tempSaveIndex >
2021-11-29 19:31:28 [NoName         ]    progressmanager.cpp:238    DBG| mainSaveIndex >= 0
2021-11-29 19:31:28 [NoName         ] remoteprofilescreen.cpp:75     DBG| localSaveFileName  :
2021-11-29 19:31:31 [MainThread     ]     profilemanager.cpp:126   INFO| saveProfile()
2021-11-29 19:31:31 [NoName         ]     profilemanager.cpp:90    INFO| beginning profile write
2021-11-29 19:31:31 [MainThread     ]                app.cpp:255    DBG| Shutting down
2021-11-29 19:31:31 [MainThread     ]           ingameui.cpp:37    INFO| InGameUI Destroy
2021-11-29 19:31:31 [NoName         ]     profilemanager.cpp:110   INFO| profile write done
2021-11-29 19:31:32 [MainThread     ]             luaext.cpp:445   INFO| Lua interface destroyed
